<?xml version="1.0" encoding="UTF-8"?>
<!-- Generated by org.testng.reporters.JUnitReportReporter -->
<testsuite hostname="DESKTOP-KJQ2V0H" failures="0" tests="1" name="com.crm.TESTCASES.PracticeExcelTest" time="0.505" errors="0" timestamp="2022-04-04T10:39:28 IST" skipped="0">
  <testcase classname="com.crm.TESTCASES.PracticeExcelTest" name="practiceexcel" time="0.505"/>
  <system-out/>
</testsuite> <!-- com.crm.TESTCASES.PracticeExcelTest -->
