<?xml version="1.0" encoding="UTF-8"?>
<!-- Generated by org.testng.reporters.JUnitReportReporter -->
<testsuite hostname="DESKTOP-KJQ2V0H" failures="0" tests="2" name="com.VtigerTestCasess.TC003_ContactWithOrgTest" time="59.611" errors="0" timestamp="2022-04-19T15:11:43 IST" skipped="0">
  <testcase classname="com.VtigerTestCasess.TC003_ContactWithOrgTest" name="createcontactwithorgTest" time="33.133"/>
  <system-out/>
  <testcase classname="com.VtigerTestCasess.TC003_ContactWithOrgTest" name="createcontactTest" time="26.478"/>
  <system-out/>
</testsuite> <!-- com.VtigerTestCasess.TC003_ContactWithOrgTest -->
