<?xml version="1.0" encoding="UTF-8"?>
<!-- Generated by org.testng.reporters.JUnitReportReporter -->
<testsuite hostname="DESKTOP-KJQ2V0H" failures="0" tests="1" name="com.practice.DDTest" time="30.657" errors="0" timestamp="2022-04-11T15:00:16 IST" skipped="0">
  <testcase classname="com.practice.DDTest" name="ddTest" time="30.657"/>
  <system-out/>
</testsuite> <!-- com.practice.DDTest -->
