<?xml version="1.0" encoding="UTF-8"?>
<!-- Generated by org.testng.reporters.JUnitReportReporter -->
<testsuite hostname="DESKTOP-KJQ2V0H" failures="0" tests="1" name="com.Testng.TC0004_DeleteOrgName_Test" time="8.637" errors="0" timestamp="2022-04-11T09:47:12 IST" skipped="0">
  <testcase classname="com.Testng.TC0004_DeleteOrgName_Test" name="delete" time="8.637"/>
  <system-out/>
</testsuite> <!-- com.Testng.TC0004_DeleteOrgName_Test -->
