<?xml version="1.0" encoding="UTF-8"?>
<!-- Generated by org.testng.reporters.JUnitReportReporter -->
<testsuite hostname="DESKTOP-KJQ2V0H" failures="0" tests="1" name="com.crm.TESTCASES.WaitsTest" time="13.603" errors="0" timestamp="2022-04-06T18:05:35 IST" skipped="0">
  <testcase classname="com.crm.TESTCASES.WaitsTest" name="test" time="13.603"/>
  <system-out/>
</testsuite> <!-- com.crm.TESTCASES.WaitsTest -->
