<?xml version="1.0" encoding="UTF-8"?>
<!-- Generated by org.testng.reporters.JUnitReportReporter -->
<testsuite hostname="DESKTOP-KJQ2V0H" failures="0" tests="1" name="AutomationPracties.Navigate_WebPageTest" time="18.319" errors="0" timestamp="2022-04-16T11:07:55 IST" skipped="0">
  <testcase classname="AutomationPracties.Navigate_WebPageTest" name="navigate" time="18.319"/>
  <system-out/>
</testsuite> <!-- AutomationPracties.Navigate_WebPageTest -->
