<?xml version="1.0" encoding="UTF-8"?>
<!-- Generated by org.testng.reporters.JUnitReportReporter -->
<testsuite hostname="DESKTOP-KJQ2V0H" failures="0" tests="1" name="AutomationPracties.HdfcBank_Test" time="6.835" errors="0" timestamp="2022-04-07T16:18:28 IST" skipped="0">
  <testcase classname="AutomationPracties.HdfcBank_Test" name="hdfcBank" time="6.835"/>
  <system-out/>
</testsuite> <!-- AutomationPracties.HdfcBank_Test -->
