<?xml version="1.0" encoding="UTF-8"?>
<!-- Generated by org.testng.reporters.JUnitReportReporter -->
<testsuite hostname="DESKTOP-KJQ2V0H" failures="0" tests="1" name="com.AMAZON.DDOptionEndWithE_Test" time="14.389" errors="0" timestamp="2022-04-06T17:10:27 IST" skipped="0">
  <testcase classname="com.AMAZON.DDOptionEndWithE_Test" name="DDOptionEndWithE" time="14.389"/>
  <system-out/>
</testsuite> <!-- com.AMAZON.DDOptionEndWithE_Test -->
