<?xml version="1.0" encoding="UTF-8"?>
<!-- Generated by org.testng.reporters.JUnitReportReporter -->
<testsuite hostname="DESKTOP-KJQ2V0H" failures="0" tests="3" name="com.practiesTESTNG.GroupExcution_Test" time="0.003" errors="0" timestamp="2022-04-12T16:49:48 IST" skipped="0">
  <testcase classname="com.practiesTESTNG.GroupExcution_Test" name="group3" time="0.001"/>
  <system-out/>
  <testcase classname="com.practiesTESTNG.GroupExcution_Test" name="group" time="0.001"/>
  <system-out/>
  <testcase classname="com.practiesTESTNG.GroupExcution_Test" name="group2" time="0.001"/>
  <system-out/>
</testsuite> <!-- com.practiesTESTNG.GroupExcution_Test -->
