<?xml version="1.0" encoding="UTF-8"?>
<!-- Generated by org.testng.reporters.JUnitReportReporter -->
<testsuite hostname="DESKTOP-KJQ2V0H" failures="0" tests="2" name="com.practiesTESTNG.Test2_Test" time="0.013" errors="0" timestamp="2022-04-08T14:56:38 IST" skipped="0">
  <testcase classname="com.practiesTESTNG.Test2_Test" name="c" time="0.011"/>
  <system-out/>
  <testcase classname="com.practiesTESTNG.Test2_Test" name="method" time="0.002"/>
  <system-out/>
</testsuite> <!-- com.practiesTESTNG.Test2_Test -->
