<?xml version="1.0" encoding="UTF-8"?>
<!-- Generated by org.testng.reporters.JUnitReportReporter -->
<testsuite hostname="DESKTOP-KJQ2V0H" failures="0" tests="2" name="AutomationPracties.DataProviderUsingMakeMyTrip_02_Test" time="22.546" errors="0" timestamp="2022-04-05T18:11:45 IST" skipped="0">
  <testcase classname="AutomationPracties.DataProviderUsingMakeMyTrip_02_Test" name="dataprovider" time="11.777"/>
  <system-out/>
  <testcase classname="AutomationPracties.DataProviderUsingMakeMyTrip_02_Test" name="dataprovider" time="10.769"/>
  <system-out/>
</testsuite> <!-- AutomationPracties.DataProviderUsingMakeMyTrip_02_Test -->
