<?xml version="1.0" encoding="UTF-8"?>
<!-- Generated by org.testng.reporters.JUnitReportReporter -->
<testsuite hostname="DESKTOP-KJQ2V0H" failures="0" tests="4" name="com.practiesTESTNG.Test1_Test" time="0.031" errors="0" timestamp="2022-04-08T14:32:49 IST" skipped="0">
  <testcase classname="com.practiesTESTNG.Test1_Test" name="c" time="0.015"/>
  <system-out/>
  <testcase classname="com.practiesTESTNG.Test1_Test" name="b" time="0.000"/>
  <system-out/>
  <testcase classname="com.practiesTESTNG.Test1_Test" name="d" time="0.000"/>
  <system-out/>
  <testcase classname="com.practiesTESTNG.Test1_Test" name="a" time="0.016"/>
  <system-out/>
</testsuite> <!-- com.practiesTESTNG.Test1_Test -->
