<?xml version="1.0" encoding="UTF-8"?>
<!-- Generated by org.testng.reporters.JUnitReportReporter -->
<testsuite hostname="DESKTOP-KJQ2V0H" failures="0" tests="1" name="com.crm.TESTCASES.ToolTip_0004_Test" time="12.310" errors="0" timestamp="2022-04-07T10:49:16 IST" skipped="0">
  <testcase classname="com.crm.TESTCASES.ToolTip_0004_Test" name="toolTip" time="12.310"/>
  <system-out/>
</testsuite> <!-- com.crm.TESTCASES.ToolTip_0004_Test -->
