<?xml version="1.0" encoding="UTF-8"?>
<!-- Generated by org.testng.reporters.JUnitReportReporter -->
<testsuite hostname="DESKTOP-KJQ2V0H" failures="0" tests="1" name="com.Testng.CreateOrganization_TC0001_Test" time="13.090" errors="0" timestamp="2022-04-11T09:43:15 IST" skipped="0">
  <testcase classname="com.Testng.CreateOrganization_TC0001_Test" name="createOrganization" time="13.090"/>
  <system-out/>
</testsuite> <!-- com.Testng.CreateOrganization_TC0001_Test -->
