<?xml version="1.0" encoding="UTF-8"?>
<!-- Generated by org.testng.reporters.JUnitReportReporter -->
<testsuite hostname="DESKTOP-KJQ2V0H" failures="0" tests="2" name="com.practiesTESTNG.ALLAnnotation_Test" time="0.005" errors="0" timestamp="2022-04-08T13:08:30 IST" skipped="0">
  <testcase classname="com.practiesTESTNG.ALLAnnotation_Test" name="method2" time="0.001"/>
  <system-out/>
  <testcase classname="com.practiesTESTNG.ALLAnnotation_Test" name="method1" time="0.004"/>
  <system-out/>
</testsuite> <!-- com.practiesTESTNG.ALLAnnotation_Test -->
