<?xml version="1.0" encoding="UTF-8"?>
<!-- Generated by org.testng.reporters.JUnitReportReporter -->
<testsuite hostname="DESKTOP-KJQ2V0H" failures="0" tests="2" name="com.practiesTESTNG.Test1" time="0.004" errors="0" timestamp="2022-04-11T09:48:00 IST" skipped="0">
  <testcase classname="com.practiesTESTNG.Test1" name="method1" time="0.003"/>
  <system-out/>
  <testcase classname="com.practiesTESTNG.Test1" name="method2" time="0.001"/>
  <system-out/>
</testsuite> <!-- com.practiesTESTNG.Test1 -->
